{
  "RSpec": {
    "coverage": {
      "/Users/tobias_andre/projects/onebittweet/config/environment.rb": [
        null,
        1,
        null,
        null,
        1
      ],
      "/Users/tobias_andre/projects/onebittweet/config/application.rb": [
        1,
        null,
        1,
        null,
        1,
        1,
        1,
        1,
        1,
        1,
        1,
        1,
        null,
        1,
        null,
        null,
        null,
        1,
        null,
        1,
        1,
        null,
        1,
        1,
        null,
        null,
        null,
        null,
        null,
        null,
        null,
        null,
        1,
        null,
        null
      ],
      "/Users/tobias_andre/projects/onebittweet/config/boot.rb": [
        1,
        null,
        1,
        1
      ],
      "/Users/tobias_andre/projects/onebittweet/config/environments/test.rb": [
        1,
        null,
        null,
        null,
        null,
        null,
        null,
        1,
        null,
        null,
        null,
        null,
        1,
        null,
        null,
        1,
        1,
        null,
        null,
        null,
        null,
        1,
        1,
        null,
        null,
        1,
        null,
        null,
        1,
        null,
        null,
        1,
        null,
        1,
        null,
        null,
        null,
        null,
        1,
        null,
        null,
        null,
        1,
        null,
        null,
        null
      ],
      "/Users/tobias_andre/projects/onebittweet/config/initializers/application_controller_renderer.rb": [
        null,
        null,
        null,
        null,
        null,
        null,
        null,
        null
      ],
      "/Users/tobias_andre/projects/onebittweet/config/initializers/backtrace_silencers.rb": [
        null,
        null,
        null,
        null,
        null,
        null,
        null
      ],
      "/Users/tobias_andre/projects/onebittweet/config/initializers/cors.rb": [
        1,
        1,
        1,
        1,
        null,
        null
      ],
      "/Users/tobias_andre/projects/onebittweet/config/initializers/filter_parameter_logging.rb": [
        null,
        null,
        null,
        1
      ],
      "/Users/tobias_andre/projects/onebittweet/config/initializers/inflections.rb": [
        null,
        null,
        null,
        null,
        null,
        null,
        null,
        null,
        null,
        null,
        null,
        null,
        null,
        null,
        null,
        null
      ],
      "/Users/tobias_andre/projects/onebittweet/config/initializers/knock.rb": [
        1,
        null,
        null,
        null,
        null,
        null,
        null,
        null,
        null,
        null,
        1,
        58,
        null,
        null,
        null,
        null,
        null,
        null,
        null,
        null,
        null,
        null,
        null,
        null,
        null,
        null,
        null,
        null,
        null,
        null,
        null,
        null,
        null,
        null,
        null,
        null,
        null,
        null,
        null,
        null,
        null,
        null,
        null,
        null,
        null,
        null,
        null,
        null,
        null,
        null,
        null,
        null,
        null,
        null,
        null,
        null,
        null,
        null,
        null
      ],
      "/Users/tobias_andre/projects/onebittweet/config/initializers/mime_types.rb": [
        null,
        null,
        null,
        null
      ],
      "/Users/tobias_andre/projects/onebittweet/config/initializers/rack_attack.rb": [
        1,
        1,
        1,
        null,
        null,
        1,
        49,
        null,
        null,
        null,
        1,
        null,
        null
      ],
      "/Users/tobias_andre/projects/onebittweet/config/initializers/redis.rb": [
        1,
        null,
        1,
        1,
        0,
        null,
        null
      ],
      "/Users/tobias_andre/projects/onebittweet/config/initializers/will_paginate.rb": [
        1,
        1
      ],
      "/Users/tobias_andre/projects/onebittweet/config/initializers/wrap_parameters.rb": [
        null,
        null,
        null,
        null,
        null,
        null,
        1,
        2,
        null,
        null,
        null,
        null,
        null,
        null
      ],
      "/Users/tobias_andre/projects/onebittweet/spec/factories/follow.rb": [
        1,
        1,
        2,
        2,
        2,
        2,
        1,
        null,
        null
      ],
      "/Users/tobias_andre/projects/onebittweet/spec/factories/tweet.rb": [
        1,
        1,
        156,
        1,
        1,
        null,
        null
      ],
      "/Users/tobias_andre/projects/onebittweet/spec/factories/user.rb": [
        1,
        1,
        317,
        317,
        317,
        null,
        null
      ],
      "/Users/tobias_andre/projects/onebittweet/spec/factories/vote.rb": [
        1,
        1,
        1,
        1,
        1,
        1,
        1,
        1,
        1,
        null,
        null
      ],
      "/Users/tobias_andre/projects/onebittweet/config/routes.rb": [
        1,
        1,
        1,
        1,
        1,
        1,
        1,
        null,
        1,
        1,
        1,
        1,
        1,
        1,
        1,
        null,
        null,
        1,
        1,
        1,
        1,
        1,
        1,
        null,
        1,
        null,
        null,
        null,
        null
      ],
      "/Users/tobias_andre/projects/onebittweet/spec/support/factory_bot.rb": [
        1,
        1,
        null
      ],
      "/Users/tobias_andre/projects/onebittweet/spec/support/request_helper.rb": [
        1,
        null,
        1,
        1,
        1,
        0,
        null,
        null,
        1,
        23,
        null,
        null,
        null,
        1,
        1,
        6,
        null,
        null,
        1,
        3,
        3,
        null,
        null,
        null,
        1,
        1,
        17,
        17,
        null,
        null,
        1,
        3,
        null,
        null,
        null
      ],
      "/Users/tobias_andre/projects/onebittweet/spec/support/shared_examples_spec.rb": [
        1,
        0,
        0,
        null,
        0,
        null,
        null,
        null,
        0,
        null,
        null,
        null,
        0,
        null,
        null,
        null,
        0,
        null,
        null,
        null,
        null,
        0,
        null,
        null
      ],
      "/Users/tobias_andre/projects/onebittweet/app/models/follow.rb": [
        1,
        null,
        1,
        1,
        null,
        null,
        1,
        1,
        null,
        1,
        0,
        null,
        null
      ],
      "/Users/tobias_andre/projects/onebittweet/app/models/application_record.rb": [
        1,
        1,
        null
      ],
      "/Users/tobias_andre/projects/onebittweet/spec/models/tweet_spec.rb": [
        1,
        null,
        1,
        1,
        1,
        1,
        null,
        null,
        1,
        1,
        null,
        null
      ],
      "/Users/tobias_andre/projects/onebittweet/app/models/tweet.rb": [
        1,
        1,
        1,
        1,
        1,
        1,
        null
      ],
      "/Users/tobias_andre/projects/onebittweet/spec/models/user_spec.rb": [
        1,
        null,
        1,
        1,
        1,
        1,
        null,
        null,
        1,
        1,
        null,
        null
      ],
      "/Users/tobias_andre/projects/onebittweet/app/models/user.rb": [
        1,
        1,
        1,
        null,
        null,
        null,
        null,
        null,
        1,
        null,
        1,
        1,
        1,
        1,
        null,
        1,
        0,
        0,
        0,
        null,
        0,
        null,
        null
      ],
      "/Users/tobias_andre/projects/onebittweet/spec/requests/api/v1/follows_spec.rb": [
        1,
        null,
        1,
        1,
        1,
        null,
        null,
        null,
        null,
        null
      ],
      "/Users/tobias_andre/projects/onebittweet/spec/requests/api/v1/likes_spec.rb": [
        1,
        null,
        1,
        1,
        1,
        null,
        null,
        null,
        null,
        null
      ],
      "/Users/tobias_andre/projects/onebittweet/spec/requests/api/v1/tweets_spec.rb": [
        1,
        null,
        1,
        1,
        1,
        5,
        5,
        null,
        96,
        null,
        1,
        1,
        1,
        null,
        null,
        1,
        1,
        1,
        null,
        null,
        1,
        1,
        1,
        null,
        null,
        1,
        1,
        1,
        1,
        null,
        null,
        null,
        null,
        null,
        1,
        2,
        2,
        null,
        2,
        null,
        2,
        null,
        null,
        null,
        1,
        1,
        1,
        null,
        1,
        4,
        null,
        4,
        null,
        2,
        null,
        1,
        1,
        null,
        null,
        1,
        1,
        null,
        null,
        null,
        1,
        5,
        5,
        null,
        5,
        null,
        2,
        null,
        1,
        1,
        null,
        null,
        1,
        1,
        null,
        null,
        1,
        null,
        null,
        null,
        null,
        null,
        1,
        2,
        null,
        2,
        null,
        2,
        null,
        null,
        null
      ],
      "/Users/tobias_andre/projects/onebittweet/spec/requests/api/v1/users_spec.rb": [
        1,
        null,
        1,
        1,
        1,
        6,
        6,
        6,
        6,
        null,
        1,
        29,
        32,
        35,
        null,
        5,
        null,
        null,
        2,
        null,
        1,
        1,
        null,
        null,
        1,
        1,
        null,
        null,
        1,
        1,
        null,
        null,
        1,
        1,
        null,
        null,
        null,
        1,
        2,
        null,
        2,
        null,
        2,
        null,
        null,
        null,
        1,
        1,
        1,
        null,
        null,
        1,
        6,
        6,
        6,
        6,
        null,
        1,
        36,
        25,
        27,
        null,
        5,
        null,
        null,
        2,
        null,
        1,
        1,
        null,
        null,
        1,
        1,
        null,
        null,
        1,
        1,
        null,
        null,
        1,
        1,
        null,
        null,
        null,
        null,
        1,
        1,
        4,
        null,
        1,
        1,
        1,
        null,
        null,
        1,
        1,
        1,
        null,
        null,
        1,
        1,
        1,
        2,
        null,
        null,
        null,
        1,
        2,
        null,
        2,
        null,
        2,
        null,
        null,
        null,
        1,
        1,
        1,
        null,
        null,
        1,
        1,
        1,
        3,
        3,
        null,
        1,
        2,
        null,
        null,
        2,
        null,
        1,
        1,
        null,
        null,
        null,
        1,
        2,
        null,
        2,
        null,
        2,
        null,
        null,
        null,
        1,
        2,
        2,
        2,
        null,
        1,
        1,
        null,
        null,
        2,
        null,
        null,
        null,
        null,
        1,
        1,
        1,
        null,
        null,
        1,
        1,
        1,
        3,
        null,
        1,
        1,
        1,
        null,
        null,
        1,
        1,
        1,
        2,
        null,
        null,
        null,
        1,
        2,
        null,
        2,
        null,
        1,
        1,
        null,
        null,
        2,
        null,
        null,
        null,
        1,
        2,
        2,
        null,
        2,
        null,
        2,
        null,
        null,
        null,
        null,
        1,
        1,
        5,
        5,
        null,
        88,
        null,
        1,
        1,
        1,
        null,
        null,
        1,
        1,
        null,
        1,
        null,
        null,
        1,
        1,
        1,
        null,
        null,
        1,
        1,
        1,
        1,
        null,
        null,
        null,
        1,
        2,
        null,
        2,
        null,
        2,
        null,
        null,
        null,
        1,
        1,
        5,
        5,
        null,
        85,
        null,
        1,
        1,
        1,
        null,
        null,
        1,
        1,
        1,
        null,
        null,
        1,
        1,
        1,
        null,
        null,
        1,
        1,
        1,
        1,
        null,
        null,
        null,
        1,
        2,
        null,
        2,
        null,
        2,
        null,
        null,
        null
      ],
      "/Users/tobias_andre/projects/onebittweet/app/controllers/api/v1/tweets_controller.rb": [
        1,
        1,
        1,
        14,
        1,
        1,
        1,
        null,
        1,
        5,
        4,
        4,
        null,
        null,
        1,
        0,
        null,
        0,
        0,
        null,
        0,
        null,
        null,
        null,
        1,
        7,
        null,
        null,
        1,
        0,
        null,
        null,
        1,
        0,
        0,
        null,
        0,
        null,
        null,
        null,
        1,
        null,
        1,
        8,
        null,
        null,
        1,
        0,
        null,
        null,
        null,
        null
      ],
      "/Users/tobias_andre/projects/onebittweet/app/controllers/api/v1/api_controller.rb": [
        1,
        1,
        1,
        1,
        1,
        1,
        null,
        1,
        6,
        null,
        null,
        1,
        0,
        null,
        null,
        1,
        2,
        null,
        null,
        null,
        null
      ],
      "/Users/tobias_andre/projects/onebittweet/app/controllers/application_controller.rb": [
        1,
        1,
        null
      ],
      "/Users/tobias_andre/projects/onebittweet/app/serializers/api/v1/tweet_serializer.rb": [
        1,
        1,
        1,
        1,
        1,
        1,
        null,
        1,
        228,
        228,
        null,
        null,
        1,
        149,
        149,
        null,
        null,
        1,
        79,
        null,
        null,
        1,
        79,
        null,
        null,
        1,
        79,
        null,
        null,
        null,
        null
      ],
      "/Users/tobias_andre/projects/onebittweet/app/serializers/api/v1/user_serializer.rb": [
        1,
        1,
        1,
        1,
        null,
        1,
        234,
        null,
        null,
        1,
        234,
        null,
        null,
        1,
        234,
        null,
        null,
        null,
        null
      ],
      "/Users/tobias_andre/projects/onebittweet/app/controllers/api/v1/users_controller.rb": [
        1,
        1,
        1,
        1,
        1,
        1,
        null,
        1,
        null,
        1,
        5,
        5,
        3,
        null,
        2,
        null,
        null,
        null,
        1,
        2,
        2,
        null,
        0,
        null,
        null,
        null,
        1,
        2,
        null,
        null,
        1,
        5,
        null,
        null,
        1,
        5,
        null,
        null,
        1,
        4,
        4,
        null,
        null,
        1,
        4,
        4,
        null,
        null,
        1,
        null,
        1,
        7,
        null,
        null,
        1,
        23,
        null,
        null,
        1,
        13,
        null,
        null,
        null,
        null
      ],
      "/Users/tobias_andre/projects/onebittweet/app/models/ability.rb": [
        1,
        1,
        null,
        1,
        16,
        16,
        16,
        11,
        11,
        null,
        null
      ]
    },
    "timestamp": 1569352174
  }
}
